
*** Running vivado
    with args -log gate2.vds -m64 -product Vivado -mode batch -messageDb vivado.pb -notrace -source gate2.tcl


****** Vivado v2023.2 (64-bit)
  **** SW Build 4029153 on Fri Oct 13 20:13:54 MDT 2023
  **** IP Build 4028589 on Sat Oct 14 00:45:43 MDT 2023
  **** SharedData Build 4025554 on Tue Oct 10 17:18:54 MDT 2023
    ** Copyright 1986-2022 Xilinx, Inc. All Rights Reserved.
    ** Copyright 2022-2023 Advanced Micro Devices, Inc. All Rights Reserved.

source gate2.tcl -notrace
Command: read_checkpoint -auto_incremental -incremental /home/npl/Learning_Vivado/comp_lab/comp_lab.srcs/utils_1/imports/synth_1/and2.dcp
INFO: [Vivado 12-5825] Read reference checkpoint from /home/npl/Learning_Vivado/comp_lab/comp_lab.srcs/utils_1/imports/synth_1/and2.dcp for incremental synthesis
INFO: [Vivado 12-7989] Please ensure there are no constraint changes
Command: synth_design -top gate2 -part xc7a15tftg256-1
Starting synth_design
Attempting to get a license for feature 'Synthesis' and/or device 'xc7a15t'
INFO: [Common 17-349] Got license for feature 'Synthesis' and/or device 'xc7a15t'
INFO: [Vivado_Tcl 4-1810] synth_design options have changed between reference and incremental; A full resynthesis will be run
INFO: [Synth 8-7079] Multithreading enabled for synth_design using a maximum of 4 processes.
INFO: [Synth 8-7078] Launching helper process for spawning children vivado processes
INFO: [Synth 8-7075] Helper process launched with PID 2109090
---------------------------------------------------------------------------------
Starting Synthesize : Time (s): cpu = 00:00:02 ; elapsed = 00:00:02 . Memory (MB): peak = 1702.027 ; gain = 376.777 ; free physical = 42547 ; free virtual = 56459
---------------------------------------------------------------------------------
INFO: [Synth 8-6157] synthesizing module 'gate2' [/home/npl/Learning_Vivado/comp_lab/comp_lab.srcs/sources_1/new/gate2.v:1]
INFO: [Synth 8-6155] done synthesizing module 'gate2' (0#1) [/home/npl/Learning_Vivado/comp_lab/comp_lab.srcs/sources_1/new/gate2.v:1]
---------------------------------------------------------------------------------
Finished Synthesize : Time (s): cpu = 00:00:02 ; elapsed = 00:00:02 . Memory (MB): peak = 1775.996 ; gain = 450.746 ; free physical = 42445 ; free virtual = 56358
---------------------------------------------------------------------------------
---------------------------------------------------------------------------------
Finished Constraint Validation : Time (s): cpu = 00:00:02 ; elapsed = 00:00:02 . Memory (MB): peak = 1793.809 ; gain = 468.559 ; free physical = 42445 ; free virtual = 56358
---------------------------------------------------------------------------------
---------------------------------------------------------------------------------
Start Loading Part and Timing Information
---------------------------------------------------------------------------------
Loading part: xc7a15tftg256-1
INFO: [Device 21-403] Loading part xc7a15tftg256-1
---------------------------------------------------------------------------------
Finished Loading Part and Timing Information : Time (s): cpu = 00:00:02 ; elapsed = 00:00:02 . Memory (MB): peak = 1801.812 ; gain = 476.562 ; free physical = 42445 ; free virtual = 56358
---------------------------------------------------------------------------------
---------------------------------------------------------------------------------
Start Preparing Guide Design
---------------------------------------------------------------------------------
---------------------------------------------------------------------------------
Finished Doing Graph Differ : Time (s): cpu = 00:00:02 ; elapsed = 00:00:02 . Memory (MB): peak = 1810.719 ; gain = 485.469 ; free physical = 42445 ; free virtual = 56359
---------------------------------------------------------------------------------
---------------------------------------------------------------------------------
Finished Preparing Guide Design : Time (s): cpu = 00:00:02 ; elapsed = 00:00:02 . Memory (MB): peak = 1810.719 ; gain = 485.469 ; free physical = 42445 ; free virtual = 56359
---------------------------------------------------------------------------------
---------------------------------------------------------------------------------
Finished RTL Optimization Phase 2 : Time (s): cpu = 00:00:02 ; elapsed = 00:00:02 . Memory (MB): peak = 1810.719 ; gain = 485.469 ; free physical = 42437 ; free virtual = 56351
---------------------------------------------------------------------------------


Incremental Synthesis Report Summary:

1. Incremental synthesis run: no

   Reason for not running incremental synthesis : synth_design options have changed between reference and incremental


INFO: [Synth 8-7130] Flow is switching to default flow due to incremental criteria not met. If you would like to alter this behaviour and have the flow terminate instead, please set the following parameter config_implementation {autoIncr.Synth.RejectBehavior Terminate}
No constraint files found.
---------------------------------------------------------------------------------
Start RTL Component Statistics 
---------------------------------------------------------------------------------
Detailed RTL Component Info : 
+---XORs : 
	   2 Input      1 Bit         XORs := 1     
---------------------------------------------------------------------------------
Finished RTL Component Statistics 
---------------------------------------------------------------------------------
---------------------------------------------------------------------------------
Start Part Resource Summary
---------------------------------------------------------------------------------
Part Resources:
DSPs: 45 (col length:60)
BRAMs: 50 (col length: RAMB18 60 RAMB36 30)
---------------------------------------------------------------------------------
Finished Part Resource Summary
---------------------------------------------------------------------------------
No constraint files found.
---------------------------------------------------------------------------------
Start Cross Boundary and Area Optimization
---------------------------------------------------------------------------------
WARNING: [Synth 8-7080] Parallel synthesis criteria is not met
---------------------------------------------------------------------------------
Finished Cross Boundary and Area Optimization : Time (s): cpu = 00:00:04 ; elapsed = 00:00:04 . Memory (MB): peak = 1916.250 ; gain = 591.000 ; free physical = 42326 ; free virtual = 56243
---------------------------------------------------------------------------------
No constraint files found.
---------------------------------------------------------------------------------
Start Timing Optimization
---------------------------------------------------------------------------------
---------------------------------------------------------------------------------
Finished Timing Optimization : Time (s): cpu = 00:00:04 ; elapsed = 00:00:04 . Memory (MB): peak = 1916.250 ; gain = 591.000 ; free physical = 42326 ; free virtual = 56243
---------------------------------------------------------------------------------
---------------------------------------------------------------------------------
Start Technology Mapping
---------------------------------------------------------------------------------
---------------------------------------------------------------------------------
Finished Technology Mapping : Time (s): cpu = 00:00:04 ; elapsed = 00:00:04 . Memory (MB): peak = 1916.250 ; gain = 591.000 ; free physical = 42326 ; free virtual = 56243
---------------------------------------------------------------------------------
---------------------------------------------------------------------------------
Start IO Insertion
---------------------------------------------------------------------------------
---------------------------------------------------------------------------------
Start Flattening Before IO Insertion
---------------------------------------------------------------------------------
---------------------------------------------------------------------------------
Finished Flattening Before IO Insertion
---------------------------------------------------------------------------------
---------------------------------------------------------------------------------
Start Final Netlist Cleanup
---------------------------------------------------------------------------------
---------------------------------------------------------------------------------
Finished Final Netlist Cleanup
---------------------------------------------------------------------------------
---------------------------------------------------------------------------------
Finished IO Insertion : Time (s): cpu = 00:00:05 ; elapsed = 00:00:05 . Memory (MB): peak = 1916.250 ; gain = 591.000 ; free physical = 42327 ; free virtual = 56244
---------------------------------------------------------------------------------
---------------------------------------------------------------------------------
Start Renaming Generated Instances
---------------------------------------------------------------------------------
---------------------------------------------------------------------------------
Finished Renaming Generated Instances : Time (s): cpu = 00:00:05 ; elapsed = 00:00:05 . Memory (MB): peak = 1916.250 ; gain = 591.000 ; free physical = 42327 ; free virtual = 56244
---------------------------------------------------------------------------------
---------------------------------------------------------------------------------
Start Rebuilding User Hierarchy
---------------------------------------------------------------------------------
---------------------------------------------------------------------------------
Finished Rebuilding User Hierarchy : Time (s): cpu = 00:00:05 ; elapsed = 00:00:05 . Memory (MB): peak = 1916.250 ; gain = 591.000 ; free physical = 42327 ; free virtual = 56244
---------------------------------------------------------------------------------
---------------------------------------------------------------------------------
Start Renaming Generated Ports
---------------------------------------------------------------------------------
---------------------------------------------------------------------------------
Finished Renaming Generated Ports : Time (s): cpu = 00:00:05 ; elapsed = 00:00:05 . Memory (MB): peak = 1916.250 ; gain = 591.000 ; free physical = 42327 ; free virtual = 56244
---------------------------------------------------------------------------------
---------------------------------------------------------------------------------
Start Handling Custom Attributes
---------------------------------------------------------------------------------
---------------------------------------------------------------------------------
Finished Handling Custom Attributes : Time (s): cpu = 00:00:05 ; elapsed = 00:00:05 . Memory (MB): peak = 1916.250 ; gain = 591.000 ; free physical = 42327 ; free virtual = 56244
---------------------------------------------------------------------------------
---------------------------------------------------------------------------------
Start Renaming Generated Nets
---------------------------------------------------------------------------------
---------------------------------------------------------------------------------
Finished Renaming Generated Nets : Time (s): cpu = 00:00:05 ; elapsed = 00:00:05 . Memory (MB): peak = 1916.250 ; gain = 591.000 ; free physical = 42327 ; free virtual = 56244
---------------------------------------------------------------------------------
---------------------------------------------------------------------------------
Start Writing Synthesis Report
---------------------------------------------------------------------------------

Report BlackBoxes: 
+-+--------------+----------+
| |BlackBox name |Instances |
+-+--------------+----------+
+-+--------------+----------+

Report Cell Usage: 
+------+-----+------+
|      |Cell |Count |
+------+-----+------+
|1     |LUT1 |     1|
|2     |LUT2 |     5|
|3     |IBUF |     2|
|4     |OBUF |     6|
+------+-----+------+

Report Instance Areas: 
+------+---------+-------+------+
|      |Instance |Module |Cells |
+------+---------+-------+------+
|1     |top      |       |    14|
+------+---------+-------+------+
---------------------------------------------------------------------------------
Finished Writing Synthesis Report : Time (s): cpu = 00:00:05 ; elapsed = 00:00:05 . Memory (MB): peak = 1916.250 ; gain = 591.000 ; free physical = 42327 ; free virtual = 56244
---------------------------------------------------------------------------------
Synthesis finished with 0 errors, 0 critical warnings and 1 warnings.
Synthesis Optimization Runtime : Time (s): cpu = 00:00:05 ; elapsed = 00:00:05 . Memory (MB): peak = 1916.250 ; gain = 591.000 ; free physical = 42319 ; free virtual = 56236
Synthesis Optimization Complete : Time (s): cpu = 00:00:05 ; elapsed = 00:00:05 . Memory (MB): peak = 1916.258 ; gain = 591.000 ; free physical = 42319 ; free virtual = 56236
INFO: [Project 1-571] Translating synthesized netlist
Netlist sorting complete. Time (s): cpu = 00:00:00 ; elapsed = 00:00:00 . Memory (MB): peak = 1931.125 ; gain = 0.000 ; free physical = 42432 ; free virtual = 56349
INFO: [Project 1-570] Preparing netlist for logic optimization
INFO: [Opt 31-138] Pushed 0 inverter(s) to 0 load pin(s).
Netlist sorting complete. Time (s): cpu = 00:00:00 ; elapsed = 00:00:00 . Memory (MB): peak = 2065.840 ; gain = 0.000 ; free physical = 42351 ; free virtual = 56268
INFO: [Project 1-111] Unisim Transformation Summary:
No Unisim elements were transformed.

Synth Design complete | Checksum: 17a4760b
INFO: [Common 17-83] Releasing license: Synthesis
16 Infos, 1 Warnings, 0 Critical Warnings and 0 Errors encountered.
synth_design completed successfully
synth_design: Time (s): cpu = 00:00:07 ; elapsed = 00:00:06 . Memory (MB): peak = 2065.875 ; gain = 740.625 ; free physical = 42351 ; free virtual = 56268
INFO: [Common 17-2834] synth_design peak Physical Memory [PSS] (MB): overall = 1317.814; main = 1317.814; forked = 0.000
INFO: [Common 17-2834] synth_design peak Virtual Memory [VSS] (MB): overall = 2065.844; main = 2065.844; forked = 0.000
Write ShapeDB Complete: Time (s): cpu = 00:00:00 ; elapsed = 00:00:00.01 . Memory (MB): peak = 2089.852 ; gain = 0.000 ; free physical = 42351 ; free virtual = 56268
INFO: [Common 17-1381] The checkpoint '/home/npl/Learning_Vivado/comp_lab/comp_lab.runs/synth_1/gate2.dcp' has been generated.
INFO: [runtcl-4] Executing : report_utilization -file gate2_utilization_synth.rpt -pb gate2_utilization_synth.pb
INFO: [Common 17-206] Exiting Vivado at Fri Nov  8 18:42:55 2024...
